<?xml version="1.0" encoding="UTF-8"?>
<!-- Generated by org.testng.reporters.JUnitReportReporter -->
<testsuite hostname="DESKTOP-N72B7F6" failures="0" tests="1" name="com.test.demo.TestClass" time="112.036" errors="0" timestamp="2021-01-29T11:35:06 IST" skipped="0">
  <testcase classname="com.test.demo.TestClass" name="f" time="112.036"/>
  <system-out/>
</testsuite> <!-- com.test.demo.TestClass -->
